[0m23:42:03.622004 [debug] [MainThread]: Sending event: {'category': 'dbt', 'action': 'invocation', 'label': 'start', 'context': [<snowplow_tracker.self_describing_json.SelfDescribingJson object at 0x000001CCE59EB110>, <snowplow_tracker.self_describing_json.SelfDescribingJson object at 0x000001CCEAA3E210>, <snowplow_tracker.self_describing_json.SelfDescribingJson object at 0x000001CCEAA35390>]}


============================== 23:42:03.643812 | 955fbfed-83ce-4bdc-8b25-88bb7e31fb12 ==============================
[0m23:42:03.643812 [info ] [MainThread]: Running with dbt=1.9.1
[0m23:42:03.643812 [debug] [MainThread]: running dbt with arguments {'printer_width': '80', 'indirect_selection': 'eager', 'write_json': 'True', 'log_cache_events': 'False', 'partial_parse': 'True', 'cache_selected_only': 'False', 'profiles_dir': 'C:\\Users\\victo\\.dbt', 'version_check': 'True', 'debug': 'False', 'log_path': 'logs', 'fail_fast': 'False', 'warn_error': 'None', 'use_colors': 'True', 'use_experimental_parser': 'False', 'no_print': 'None', 'quiet': 'False', 'empty': 'None', 'warn_error_options': 'WarnErrorOptions(include=[], exclude=[])', 'static_parser': 'True', 'invocation_command': 'dbt init triggohib', 'log_format': 'default', 'target_path': 'None', 'introspect': 'True', 'send_anonymous_usage_stats': 'True'}
[0m23:42:03.924121 [warn ] [MainThread]: [ConfigFolderDirectory]: Unable to parse logging event dictionary. Failed to parse dir field: expected string or bytes-like object, got 'WindowsPath'.. Dictionary: {'dir': WindowsPath('C:/Users/victo/.dbt')}
[0m23:42:03.924121 [info ] [MainThread]: Creating dbt configuration folder at 
[0m23:42:03.945289 [debug] [MainThread]: Starter project path: C:\Users\victo\OneDrive\Documentos\github\triggoHIB\.venv\Lib\site-packages\dbt\include\starter_project
[0m23:42:04.049049 [info ] [MainThread]: 
Your new dbt project "triggohib" was created!

For more information on how to configure the profiles.yml file,
please consult the dbt documentation here:

  https://docs.getdbt.com/docs/configure-your-profile

One more thing:

Need help? Don't hesitate to reach out to us via GitHub issues or on Slack:

  https://community.getdbt.com/

Happy modeling!

[0m23:42:04.049049 [info ] [MainThread]: Setting up your profile.
[0m23:44:30.088241 [info ] [MainThread]: Profile triggohib written to C:\Users\victo\.dbt\profiles.yml using target's profile_template.yml and your supplied values. Run 'dbt debug' to validate the connection.
[0m23:44:30.088241 [debug] [MainThread]: Command `dbt init` succeeded at 23:44:30.088241 after 146.57 seconds
[0m23:44:30.088241 [debug] [MainThread]: Sending event: {'category': 'dbt', 'action': 'invocation', 'label': 'end', 'context': [<snowplow_tracker.self_describing_json.SelfDescribingJson object at 0x000001CCEAA8EF10>, <snowplow_tracker.self_describing_json.SelfDescribingJson object at 0x000001CCE4D23150>, <snowplow_tracker.self_describing_json.SelfDescribingJson object at 0x000001CCEAA67850>]}
[0m23:44:30.088241 [debug] [MainThread]: Flushing usage events
[0m23:44:31.503176 [debug] [MainThread]: An error was encountered while trying to flush usage events
